<?xml version="1.0" encoding="UTF-8"?>
<!-- Generated by org.testng.reporters.JUnitXMLReporter -->
<testsuite ignored="0" hostname="Mahanths-MacBook-Pro.local" failures="0" tests="3" name="Default test" time="182.631" errors="0" timestamp="2023-02-05T15:27:31 AEDT">
  <testcase classname="com.planit.tests.Testing" name="TC01_errorMessagevalidation" time="42.541"/>
  <testcase classname="com.planit.tests.Testing" name="TC02_validMessageValidation" time="103.926"/>
  <testcase classname="com.planit.tests.Testing" name="TC03_CartTotal" time="35.201"/>
</testsuite> <!-- Default test -->
