<?xml version="1.0" encoding="UTF-8"?>
<!-- Generated by org.testng.reporters.JUnitXMLReporter -->
<testsuite ignored="0" hostname="Mahanths-MacBook-Pro.local" failures="0" tests="3" name="Default test" time="165.261" errors="0" timestamp="2023-02-06T14:23:52 AEDT">
  <testcase classname="com.planit.tests.Testing" name="TC01_errorMessagevalidation" time="34.487"/>
  <testcase classname="com.planit.tests.Testing" name="TC02_validMessageValidation" time="98.679"/>
  <testcase classname="com.planit.tests.Testing" name="TC03_CartTotal" time="31.611"/>
</testsuite> <!-- Default test -->
